# JRE version: OpenJDK Runtime Environment AdoptOpenJDK (14.0.2+12) (build 14.0.2+12)
# Java VM: OpenJDK 64-Bit Server VM AdoptOpenJDK (14.0.2+12, mixed mode, sharing, tiered, compressed oops, parallel gc, windows-amd64)
Heap:
 PSYoungGen      total 43520K, used 6015K [0x00000000eab00000, 0x00000000edf80000, 0x0000000100000000)
  eden space 33280K, 18% used [0x00000000eab00000,0x00000000eb0dfd50,0x00000000ecb80000)
  from space 10240K, 0% used [0x00000000ecb80000,0x00000000ecb80000,0x00000000ed580000)
  to   space 10240K, 0% used [0x00000000ed580000,0x00000000ed580000,0x00000000edf80000)
 ParOldGen       total 129536K, used 120971K [0x00000000c0000000, 0x00000000c7e80000, 0x00000000eab00000)
  object space 129536K, 93% used [0x00000000c0000000,0x00000000c7622cb0,0x00000000c7e80000)
 Metaspace       used 48268K, capacity 50865K, committed 51200K, reserved 1093632K
  class space    used 5131K, capacity 6031K, committed 6144K, reserved 1048576K
GC Heap History (20 events):
Event: 20.645 GC heap after
{Heap after GC invocations=27 (full 3):
 PSYoungGen      total 20992K, used 512K [0x00000000eab00000, 0x00000000ec180000, 0x0000000100000000)
  eden space 20480K, 0% used [0x00000000eab00000,0x00000000eab00000,0x00000000ebf00000)
  from space 512K, 100% used [0x00000000ebf00000,0x00000000ebf80000,0x00000000ebf80000)
  to   space 1024K, 0% used [0x00000000ec080000,0x00000000ec080000,0x00000000ec180000)
 ParOldGen       total 96768K, used 77267K [0x00000000c0000000, 0x00000000c5e80000, 0x00000000eab00000)
  object space 96768K, 79% used [0x00000000c0000000,0x00000000c4b74cc8,0x00000000c5e80000)
 Metaspace       used 47856K, capacity 50507K, committed 50688K, reserved 1093632K
  class space    used 5098K, capacity 6016K, committed 6144K, reserved 1048576K
}
Event: 20.707 GC heap before
{Heap before GC invocations=28 (full 4):
 PSYoungGen      total 20992K, used 20992K [0x00000000eab00000, 0x00000000ec180000, 0x0000000100000000)
  eden space 20480K, 100% used [0x00000000eab00000,0x00000000ebf00000,0x00000000ebf00000)
  from space 512K, 100% used [0x00000000ebf00000,0x00000000ebf80000,0x00000000ebf80000)
  to   space 1024K, 0% used [0x00000000ec080000,0x00000000ec080000,0x00000000ec180000)
 ParOldGen       total 96768K, used 88278K [0x00000000c0000000, 0x00000000c5e80000, 0x00000000eab00000)
  object space 96768K, 91% used [0x00000000c0000000,0x00000000c5635b68,0x00000000c5e80000)
 Metaspace       used 47866K, capacity 50507K, committed 50688K, reserved 1093632K
  class space    used 5099K, capacity 6016K, committed 6144K, reserved 1048576K
}
Event: 20.806 GC heap after
{Heap after GC invocations=28 (full 4):
 PSYoungGen      total 22016K, used 0K [0x00000000eab00000, 0x00000000ec280000, 0x0000000100000000)
  eden space 20992K, 0% used [0x00000000eab00000,0x00000000eab00000,0x00000000ebf80000)
  from space 1024K, 0% used [0x00000000ec080000,0x00000000ec080000,0x00000000ec180000)
  to   space 1024K, 0% used [0x00000000ebf80000,0x00000000ebf80000,0x00000000ec080000)
 ParOldGen       total 129536K, used 65753K [0x00000000c0000000, 0x00000000c7e80000, 0x00000000eab00000)
  object space 129536K, 50% used [0x00000000c0000000,0x00000000c4036670,0x00000000c7e80000)
 Metaspace       used 47866K, capacity 50507K, committed 50688K, reserved 1093632K
  class space    used 5099K, capacity 6016K, committed 6144K, reserved 1048576K
}
Event: 20.990 GC heap before
{Heap before GC invocations=29 (full 4):
 PSYoungGen      total 22016K, used 20992K [0x00000000eab00000, 0x00000000ec280000, 0x0000000100000000)
  eden space 20992K, 100% used [0x00000000eab00000,0x00000000ebf80000,0x00000000ebf80000)
  from space 1024K, 0% used [0x00000000ec080000,0x00000000ec080000,0x00000000ec180000)
  to   space 1024K, 0% used [0x00000000ebf80000,0x00000000ebf80000,0x00000000ec080000)
 ParOldGen       total 129536K, used 65753K [0x00000000c0000000, 0x00000000c7e80000, 0x00000000eab00000)
  object space 129536K, 50% used [0x00000000c0000000,0x00000000c4036670,0x00000000c7e80000)
 Metaspace       used 48117K, capacity 50714K, committed 50944K, reserved 1093632K
  class space    used 5112K, capacity 6022K, committed 6144K, reserved 1048576K
}
Event: 21.002 GC heap after
{Heap after GC invocations=29 (full 4):
 PSYoungGen      total 22016K, used 1001K [0x00000000eab00000, 0x00000000ed200000, 0x0000000100000000)
  eden space 20992K, 0% used [0x00000000eab00000,0x00000000eab00000,0x00000000ebf80000)
  from space 1024K, 97% used [0x00000000ebf80000,0x00000000ec07a420,0x00000000ec080000)
  to   space 8704K, 0% used [0x00000000ec980000,0x00000000ec980000,0x00000000ed200000)
 ParOldGen       total 129536K, used 72109K [0x00000000c0000000, 0x00000000c7e80000, 0x00000000eab00000)
  object space 129536K, 55% used [0x00000000c0000000,0x00000000c466b718,0x00000000c7e80000)
 Metaspace       used 48117K, capacity 50714K, committed 50944K, reserved 1093632K
  class space    used 5112K, capacity 6022K, committed 6144K, reserved 1048576K
}
Event: 21.183 GC heap before
{Heap before GC invocations=30 (full 4):
 PSYoungGen      total 22016K, used 21993K [0x00000000eab00000, 0x00000000ed200000, 0x0000000100000000)
  eden space 20992K, 100% used [0x00000000eab00000,0x00000000ebf80000,0x00000000ebf80000)
  from space 1024K, 97% used [0x00000000ebf80000,0x00000000ec07a420,0x00000000ec080000)
  to   space 8704K, 0% used [0x00000000ec980000,0x00000000ec980000,0x00000000ed200000)
 ParOldGen       total 129536K, used 72109K [0x00000000c0000000, 0x00000000c7e80000, 0x00000000eab00000)
  object space 129536K, 55% used [0x00000000c0000000,0x00000000c466b718,0x00000000c7e80000)
 Metaspace       used 48262K, capacity 50865K, committed 51200K, reserved 1093632K
  class space    used 5131K, capacity 6031K, committed 6144K, reserved 1048576K
}
Event: 21.203 GC heap after
{Heap after GC invocations=30 (full 4):
 PSYoungGen      total 31232K, used 7919K [0x00000000eab00000, 0x00000000ed280000, 0x0000000100000000)
  eden space 22528K, 0% used [0x00000000eab00000,0x00000000eab00000,0x00000000ec100000)
  from space 8704K, 90% used [0x00000000ec980000,0x00000000ed13bd70,0x00000000ed200000)
  to   space 8704K, 0% used [0x00000000ec100000,0x00000000ec100000,0x00000000ec980000)
 ParOldGen       total 129536K, used 73133K [0x00000000c0000000, 0x00000000c7e80000, 0x00000000eab00000)
  object space 129536K, 56% used [0x00000000c0000000,0x00000000c476b5f0,0x00000000c7e80000)
 Metaspace       used 48262K, capacity 50865K, committed 51200K, reserved 1093632K
  class space    used 5131K, capacity 6031K, committed 6144K, reserved 1048576K
}
Event: 21.392 GC heap before
{Heap before GC invocations=31 (full 4):
 PSYoungGen      total 31232K, used 30447K [0x00000000eab00000, 0x00000000ed280000, 0x0000000100000000)
  eden space 22528K, 100% used [0x00000000eab00000,0x00000000ec100000,0x00000000ec100000)
  from space 8704K, 90% used [0x00000000ec980000,0x00000000ed13bd70,0x00000000ed200000)
  to   space 8704K, 0% used [0x00000000ec100000,0x00000000ec100000,0x00000000ec980000)
 ParOldGen       total 129536K, used 73133K [0x00000000c0000000, 0x00000000c7e80000, 0x00000000eab00000)
  object space 129536K, 56% used [0x00000000c0000000,0x00000000c476b5f0,0x00000000c7e80000)
 Metaspace       used 48265K, capacity 50865K, committed 51200K, reserved 1093632K
  class space    used 5131K, capacity 6031K, committed 6144K, reserved 1048576K
}
Event: 21.426 GC heap after
{Heap after GC invocations=31 (full 4):
 PSYoungGen      total 31232K, used 8685K [0x00000000eab00000, 0x00000000ee780000, 0x0000000100000000)
  eden space 22528K, 0% used [0x00000000eab00000,0x00000000eab00000,0x00000000ec100000)
  from space 8704K, 99% used [0x00000000ec100000,0x00000000ec97b7e0,0x00000000ec980000)
  to   space 18432K, 0% used [0x00000000ed580000,0x00000000ed580000,0x00000000ee780000)
 ParOldGen       total 129536K, used 81206K [0x00000000c0000000, 0x00000000c7e80000, 0x00000000eab00000)
  object space 129536K, 62% used [0x00000000c0000000,0x00000000c4f4d8b8,0x00000000c7e80000)
 Metaspace       used 48265K, capacity 50865K, committed 51200K, reserved 1093632K
  class space    used 5131K, capacity 6031K, committed 6144K, reserved 1048576K
}
Event: 21.607 GC heap before
{Heap before GC invocations=32 (full 4):
 PSYoungGen      total 31232K, used 31213K [0x00000000eab00000, 0x00000000ee780000, 0x0000000100000000)
  eden space 22528K, 100% used [0x00000000eab00000,0x00000000ec100000,0x00000000ec100000)
  from space 8704K, 99% used [0x00000000ec100000,0x00000000ec97b7e0,0x00000000ec980000)
  to   space 18432K, 0% used [0x00000000ed580000,0x00000000ed580000,0x00000000ee780000)
 ParOldGen       total 129536K, used 81206K [0x00000000c0000000, 0x00000000c7e80000, 0x00000000eab00000)
  object space 129536K, 62% used [0x00000000c0000000,0x00000000c4f4d8b8,0x00000000c7e80000)
 Metaspace       used 48266K, capacity 50865K, committed 51200K, reserved 1093632K
  class space    used 5131K, capacity 6031K, committed 6144K, reserved 1048576K
}
Event: 21.642 GC heap after
{Heap after GC invocations=32 (full 4):
 PSYoungGen      total 37376K, used 11399K [0x00000000eab00000, 0x00000000ee100000, 0x0000000100000000)
  eden space 25600K, 0% used [0x00000000eab00000,0x00000000eab00000,0x00000000ec400000)
  from space 11776K, 96% used [0x00000000ed580000,0x00000000ee0a1d00,0x00000000ee100000)
  to   space 13312K, 0% used [0x00000000ec700000,0x00000000ec700000,0x00000000ed400000)
 ParOldGen       total 129536K, used 89894K [0x00000000c0000000, 0x00000000c7e80000, 0x00000000eab00000)
  object space 129536K, 69% used [0x00000000c0000000,0x00000000c57c9900,0x00000000c7e80000)
 Metaspace       used 48266K, capacity 50865K, committed 51200K, reserved 1093632K
  class space    used 5131K, capacity 6031K, committed 6144K, reserved 1048576K
}
Event: 21.815 GC heap before
{Heap before GC invocations=33 (full 4):
 PSYoungGen      total 37376K, used 36999K [0x00000000eab00000, 0x00000000ee100000, 0x0000000100000000)
  eden space 25600K, 100% used [0x00000000eab00000,0x00000000ec400000,0x00000000ec400000)
  from space 11776K, 96% used [0x00000000ed580000,0x00000000ee0a1d00,0x00000000ee100000)
  to   space 13312K, 0% used [0x00000000ec700000,0x00000000ec700000,0x00000000ed400000)
 ParOldGen       total 129536K, used 89894K [0x00000000c0000000, 0x00000000c7e80000, 0x00000000eab00000)
  object space 129536K, 69% used [0x00000000c0000000,0x00000000c57c9900,0x00000000c7e80000)
 Metaspace       used 48266K, capacity 50865K, committed 51200K, reserved 1093632K
  class space    used 5131K, capacity 6031K, committed 6144K, reserved 1048576K
}
Event: 21.866 GC heap after
{Heap after GC invocations=33 (full 4):
 PSYoungGen      total 38912K, used 13306K [0x00000000eab00000, 0x00000000ee100000, 0x0000000100000000)
  eden space 25600K, 0% used [0x00000000eab00000,0x00000000eab00000,0x00000000ec400000)
  from space 13312K, 99% used [0x00000000ec700000,0x00000000ed3fe870,0x00000000ed400000)
  to   space 11776K, 0% used [0x00000000ed580000,0x00000000ed580000,0x00000000ee100000)
 ParOldGen       total 129536K, used 99955K [0x00000000c0000000, 0x00000000c7e80000, 0x00000000eab00000)
  object space 129536K, 77% used [0x00000000c0000000,0x00000000c619cdf8,0x00000000c7e80000)
 Metaspace       used 48266K, capacity 50865K, committed 51200K, reserved 1093632K
  class space    used 5131K, capacity 6031K, committed 6144K, reserved 1048576K
}
Event: 22.122 GC heap before
{Heap before GC invocations=34 (full 4):
 PSYoungGen      total 38912K, used 38906K [0x00000000eab00000, 0x00000000ee100000, 0x0000000100000000)
  eden space 25600K, 100% used [0x00000000eab00000,0x00000000ec400000,0x00000000ec400000)
  from space 13312K, 99% used [0x00000000ec700000,0x00000000ed3fe870,0x00000000ed400000)
  to   space 11776K, 0% used [0x00000000ed580000,0x00000000ed580000,0x00000000ee100000)
 ParOldGen       total 129536K, used 99955K [0x00000000c0000000, 0x00000000c7e80000, 0x00000000eab00000)
  object space 129536K, 77% used [0x00000000c0000000,0x00000000c619cdf8,0x00000000c7e80000)
 Metaspace       used 48268K, capacity 50865K, committed 51200K, reserved 1093632K
  class space    used 5131K, capacity 6031K, committed 6144K, reserved 1048576K
}
Event: 22.151 GC heap after
{Heap after GC invocations=34 (full 4):
 PSYoungGen      total 40960K, used 9169K [0x00000000eab00000, 0x00000000ee380000, 0x0000000100000000)
  eden space 29184K, 0% used [0x00000000eab00000,0x00000000eab00000,0x00000000ec780000)
  from space 11776K, 77% used [0x00000000ed580000,0x00000000ede74500,0x00000000ee100000)
  to   space 14336K, 0% used [0x00000000ec780000,0x00000000ec780000,0x00000000ed580000)
 ParOldGen       total 129536K, used 113251K [0x00000000c0000000, 0x00000000c7e80000, 0x00000000eab00000)
  object space 129536K, 87% used [0x00000000c0000000,0x00000000c6e98dd8,0x00000000c7e80000)
 Metaspace       used 48268K, capacity 50865K, committed 51200K, reserved 1093632K
  class space    used 5131K, capacity 6031K, committed 6144K, reserved 1048576K
}
Event: 22.695 GC heap before
{Heap before GC invocations=35 (full 4):
 PSYoungGen      total 40960K, used 38353K [0x00000000eab00000, 0x00000000ee380000, 0x0000000100000000)
  eden space 29184K, 100% used [0x00000000eab00000,0x00000000ec780000,0x00000000ec780000)
  from space 11776K, 77% used [0x00000000ed580000,0x00000000ede74500,0x00000000ee100000)
  to   space 14336K, 0% used [0x00000000ec780000,0x00000000ec780000,0x00000000ed580000)
 ParOldGen       total 129536K, used 113251K [0x00000000c0000000, 0x00000000c7e80000, 0x00000000eab00000)
  object space 129536K, 87% used [0x00000000c0000000,0x00000000c6e98dd8,0x00000000c7e80000)
 Metaspace       used 48268K, capacity 50865K, committed 51200K, reserved 1093632K
  class space    used 5131K, capacity 6031K, committed 6144K, reserved 1048576K
}
Event: 22.716 GC heap after
{Heap after GC invocations=35 (full 4):
 PSYoungGen      total 43520K, used 14318K [0x00000000eab00000, 0x00000000ee380000, 0x0000000100000000)
  eden space 29184K, 0% used [0x00000000eab00000,0x00000000eab00000,0x00000000ec780000)
  from space 14336K, 99% used [0x00000000ec780000,0x00000000ed57b948,0x00000000ed580000)
  to   space 11776K, 0% used [0x00000000ed580000,0x00000000ed580000,0x00000000ee100000)
 ParOldGen       total 129536K, used 114478K [0x00000000c0000000, 0x00000000c7e80000, 0x00000000eab00000)
  object space 129536K, 88% used [0x00000000c0000000,0x00000000c6fcbaa8,0x00000000c7e80000)
 Metaspace       used 48268K, capacity 50865K, committed 51200K, reserved 1093632K
  class space    used 5131K, capacity 6031K, committed 6144K, reserved 1048576K
}
Event: 23.004 GC heap before
{Heap before GC invocations=36 (full 4):
 PSYoungGen      total 43520K, used 43502K [0x00000000eab00000, 0x00000000ee380000, 0x0000000100000000)
  eden space 29184K, 100% used [0x00000000eab00000,0x00000000ec780000,0x00000000ec780000)
  from space 14336K, 99% used [0x00000000ec780000,0x00000000ed57b948,0x00000000ed580000)
  to   space 11776K, 0% used [0x00000000ed580000,0x00000000ed580000,0x00000000ee100000)
 ParOldGen       total 129536K, used 114478K [0x00000000c0000000, 0x00000000c7e80000, 0x00000000eab00000)
  object space 129536K, 88% used [0x00000000c0000000,0x00000000c6fcbaa8,0x00000000c7e80000)
 Metaspace       used 48268K, capacity 50865K, committed 51200K, reserved 1093632K
  class space    used 5131K, capacity 6031K, committed 6144K, reserved 1048576K
}
Event: 23.059 GC heap after
{Heap after GC invocations=36 (full 4):
 PSYoungGen      total 43520K, used 6886K [0x00000000eab00000, 0x00000000edf80000, 0x0000000100000000)
  eden space 33280K, 0% used [0x00000000eab00000,0x00000000eab00000,0x00000000ecb80000)
  from space 10240K, 67% used [0x00000000ed580000,0x00000000edc39be0,0x00000000edf80000)
  to   space 10240K, 0% used [0x00000000ecb80000,0x00000000ecb80000,0x00000000ed580000)
 ParOldGen       total 129536K, used 128767K [0x00000000c0000000, 0x00000000c7e80000, 0x00000000eab00000)
  object space 129536K, 99% used [0x00000000c0000000,0x00000000c7dbff28,0x00000000c7e80000)
 Metaspace       used 48268K, capacity 50865K, committed 51200K, reserved 1093632K
  class space    used 5131K, capacity 6031K, committed 6144K, reserved 1048576K
}
Event: 23.059 GC heap before
{Heap before GC invocations=37 (full 5):
 PSYoungGen      total 43520K, used 6886K [0x00000000eab00000, 0x00000000edf80000, 0x0000000100000000)
  eden space 33280K, 0% used [0x00000000eab00000,0x00000000eab00000,0x00000000ecb80000)
  from space 10240K, 67% used [0x00000000ed580000,0x00000000edc39be0,0x00000000edf80000)
  to   space 10240K, 0% used [0x00000000ecb80000,0x00000000ecb80000,0x00000000ed580000)
 ParOldGen       total 129536K, used 128767K [0x00000000c0000000, 0x00000000c7e80000, 0x00000000eab00000)
  object space 129536K, 99% used [0x00000000c0000000,0x00000000c7dbff28,0x00000000c7e80000)
 Metaspace       used 48268K, capacity 50865K, committed 51200K, reserved 1093632K
  class space    used 5131K, capacity 6031K, committed 6144K, reserved 1048576K
}

